[debug] [2021-07-24T19:32:27.565Z] ----------------------------------------------------------------------
[debug] [2021-07-24T19:32:27.569Z] Command:       /usr/local/bin/node /usr/local/bin/firebase init hosting
[debug] [2021-07-24T19:32:27.569Z] CLI Version:   9.14.0
[debug] [2021-07-24T19:32:27.569Z] Platform:      darwin
[debug] [2021-07-24T19:32:27.569Z] Node Version:  v14.17.1
[debug] [2021-07-24T19:32:27.586Z] Time:          Sat Jul 24 2021 15:32:27 GMT-0400 (Eastern Daylight Time)
[debug] [2021-07-24T19:32:27.587Z] ----------------------------------------------------------------------
[debug] 
[debug] [2021-07-24T19:32:27.590Z] >>> [apiv2][query] GET https://firebase-public.firebaseio.com/cli.json [none]
[debug] [2021-07-24T19:32:27.632Z] > command requires scopes: ["email","openid","https://www.googleapis.com/auth/cloudplatformprojects.readonly","https://www.googleapis.com/auth/firebase","https://www.googleapis.com/auth/cloud-platform"]
[debug] [2021-07-24T19:32:27.633Z] > authorizing via signed-in user (liu.lawrence45@gmail.com)
[info] 
     ######## #### ########  ######## ########     ###     ######  ########
     ##        ##  ##     ## ##       ##     ##  ##   ##  ##       ##
     ######    ##  ########  ######   ########  #########  ######  ######
     ##        ##  ##    ##  ##       ##     ## ##     ##       ## ##
     ##       #### ##     ## ######## ########  ##     ##  ######  ########

You're about to initialize a Firebase project in this directory:

  /Users/lawrenceliu/Documents/GitHub/after-school-reg

Before we get started, keep in mind:

  * You are initializing within an existing Firebase project directory

[info] 
=== Project Setup
[info] 
[info] First, let's associate this project directory with a Firebase project.
[info] You can create multiple project aliases by running firebase use --add, 
[info] but for now we'll just set up a default project.
[info] 
[info] i  .firebaserc already has a default project, using afterschool-development. 
[debug] [2021-07-24T19:32:27.650Z] > refreshing access token with scopes: []
[debug] [2021-07-24T19:32:27.652Z] >>> HTTP REQUEST POST https://www.googleapis.com/oauth2/v3/token  
 <request body omitted>
[debug] [2021-07-24T19:32:27.819Z] <<< HTTP RESPONSE 200 {"date":"Sat, 24 Jul 2021 19:32:27 GMT","expires":"Mon, 01 Jan 1990 00:00:00 GMT","cache-control":"no-cache, no-store, max-age=0, must-revalidate","pragma":"no-cache","content-type":"application/json; charset=utf-8","vary":"X-Origin, Referer, Origin,Accept-Encoding","server":"scaffolding on HTTPServer2","x-xss-protection":"0","x-frame-options":"SAMEORIGIN","x-content-type-options":"nosniff","alt-svc":"h3=\":443\"; ma=2592000,h3-29=\":443\"; ma=2592000,h3-T051=\":443\"; ma=2592000,h3-Q050=\":443\"; ma=2592000,h3-Q046=\":443\"; ma=2592000,h3-Q043=\":443\"; ma=2592000,quic=\":443\"; ma=2592000; v=\"46,43\"","accept-ranges":"none","transfer-encoding":"chunked"}
[debug] [2021-07-24T19:32:28.180Z] >>> [apiv2][query] GET https://firebase.googleapis.com/v1beta1/projects/afterschool-development [none]
[debug] [2021-07-24T19:32:28.194Z] <<< [apiv2][status] GET https://firebase-public.firebaseio.com/cli.json 200
[debug] [2021-07-24T19:32:28.195Z] <<< [apiv2][body] GET https://firebase-public.firebaseio.com/cli.json {"cloudBuildErrorAfter":1594252800000,"cloudBuildWarnAfter":1590019200000,"defaultNode10After":1594252800000,"minVersion":"3.0.5","node8DeploysDisabledAfter":1613390400000,"node8RuntimeDisabledAfter":1615809600000,"node8WarnAfter":1600128000000}
[debug] [2021-07-24T19:32:28.608Z] <<< [apiv2][status] GET https://firebase.googleapis.com/v1beta1/projects/afterschool-development 200
[debug] [2021-07-24T19:32:28.609Z] <<< [apiv2][body] GET https://firebase.googleapis.com/v1beta1/projects/afterschool-development {"projectId":"afterschool-development","projectNumber":"42429888378","displayName":"Afterschool-Development","name":"projects/afterschool-development","resources":{"hostingSite":"afterschool-development","realtimeDatabaseInstance":"afterschool-development-default-rtdb","storageBucket":"afterschool-development.appspot.com","locationId":"us-central"},"state":"ACTIVE"}
[info] 
=== Hosting Setup
[info] 
[info] Your public directory is the folder (relative to your project directory) that
[info] will contain Hosting assets to be uploaded with firebase deploy. If you
[info] have a build process for your assets, use your build's output directory.
[info] 
